c:\users\admin\desktop\austw\termwork\termwork\x64\release\vc143.pdb
c:\users\admin\desktop\austw\termwork\termwork\x64\release\selection_min_economic_age_group.obj
c:\users\admin\desktop\austw\termwork\termwork\x64\release\selection_economic_age_group.obj
c:\users\admin\desktop\austw\termwork\termwork\x64\release\searching.obj
c:\users\admin\desktop\austw\termwork\termwork\x64\release\criterion_age_group_fraction.obj
c:\users\admin\desktop\austw\termwork\termwork\x64\release\data.obj
c:\users\admin\desktop\austw\termwork\termwork\x64\release\main.obj
c:\users\admin\desktop\austw\termwork\termwork\x64\release\criterion_education_fraction.obj
c:\users\admin\desktop\austw\termwork\termwork\x64\release\criterion_education_number.obj
c:\users\admin\desktop\austw\termwork\termwork\x64\release\criterion_age_fraction.obj
c:\users\admin\desktop\austw\termwork\termwork\x64\release\criterion_age_number.obj
c:\users\admin\desktop\austw\termwork\termwork\x64\release\criterion_age_group_number.obj
c:\users\admin\desktop\austw\termwork\termwork\x64\release\criterion_superior.obj
c:\users\admin\desktop\austw\termwork\termwork\x64\release\functionality.obj
c:\users\admin\desktop\austw\termwork\termwork\x64\release\filtering.obj
c:\users\admin\desktop\austw\termwork\termwork\x64\release\criterion_type.obj
c:\users\admin\desktop\austw\termwork\termwork\x64\release\criterion_belonging.obj
c:\users\admin\desktop\austw\termwork\termwork\x64\release\criterion_name.obj
c:\users\admin\desktop\austw\termwork\termwork\x64\release\vector.obj
c:\users\admin\desktop\austw\termwork\termwork\x64\release\utils.obj
c:\users\admin\desktop\austw\termwork\termwork\x64\release\structure.obj
c:\users\admin\desktop\austw\termwork\termwork\x64\release\sort_by_name.obj
c:\users\admin\desktop\austw\termwork\termwork\x64\release\sort_by_education_number.obj
c:\users\admin\desktop\austw\termwork\termwork\x64\release\sort_by_education_fraction.obj
c:\users\admin\desktop\austw\termwork\termwork\x64\release\sort_by_age_group_number.obj
c:\users\admin\desktop\austw\termwork\termwork\x64\release\sort_by_age_fraction.obj
c:\users\admin\desktop\austw\termwork\termwork\x64\release\selection_max_economic_age_group.obj
c:\users\admin\desktop\austw\termwork\x64\release\levelfour.exe
c:\users\admin\desktop\austw\termwork\termwork\x64\release\levelfour.ipdb
c:\users\admin\desktop\austw\termwork\x64\release\levelfour.pdb
c:\users\admin\desktop\austw\termwork\termwork\x64\release\levelfour.iobj
c:\users\admin\desktop\austw\termwork\termwork\x64\release\file_log_consumer.obj
c:\users\admin\desktop\austw\termwork\termwork\x64\release\level_four.obj
c:\users\admin\desktop\austw\termwork\termwork\x64\release\logger.obj
c:\users\admin\desktop\austw\termwork\termwork\x64\release\point_searching.obj
c:\users\admin\desktop\austw\termwork\termwork\x64\release\sort.obj
c:\users\admin\desktop\austw\termwork\termwork\x64\release\termwork.ipdb
c:\users\admin\desktop\austw\termwork\termwork\x64\release\termwork.iobj
c:\users\admin\desktop\austw\termwork\termwork\x64\release\levelfour.tlog\cl.command.1.tlog
c:\users\admin\desktop\austw\termwork\termwork\x64\release\levelfour.tlog\cl.read.1.tlog
c:\users\admin\desktop\austw\termwork\termwork\x64\release\levelfour.tlog\cl.write.1.tlog
c:\users\admin\desktop\austw\termwork\termwork\x64\release\levelfour.tlog\link.command.1.tlog
c:\users\admin\desktop\austw\termwork\termwork\x64\release\levelfour.tlog\link.read.1.tlog
c:\users\admin\desktop\austw\termwork\termwork\x64\release\levelfour.tlog\link.write.1.tlog
