c:\users\admin\desktop\austw\termwork\termwork\x64\debug\vc143.pdb
c:\users\admin\desktop\austw\termwork\termwork\x64\debug\vc143.idb
c:\users\admin\desktop\austw\termwork\termwork\x64\debug\selection_min_economic_age_group.obj
c:\users\admin\desktop\austw\termwork\termwork\x64\debug\selection_economic_age_group.obj
c:\users\admin\desktop\austw\termwork\termwork\x64\debug\searching.obj
c:\users\admin\desktop\austw\termwork\termwork\x64\debug\criterion_age_group_fraction.obj
c:\users\admin\desktop\austw\termwork\termwork\x64\debug\data.obj
c:\users\admin\desktop\austw\termwork\termwork\x64\debug\main.obj
c:\users\admin\desktop\austw\termwork\termwork\x64\debug\criterion_education_fraction.obj
c:\users\admin\desktop\austw\termwork\termwork\x64\debug\criterion_education_number.obj
c:\users\admin\desktop\austw\termwork\termwork\x64\debug\criterion_age_fraction.obj
c:\users\admin\desktop\austw\termwork\termwork\x64\debug\criterion_age_number.obj
c:\users\admin\desktop\austw\termwork\termwork\x64\debug\criterion_age_group_number.obj
c:\users\admin\desktop\austw\termwork\termwork\x64\debug\criterion_superior.obj
c:\users\admin\desktop\austw\termwork\termwork\x64\debug\functionality.obj
c:\users\admin\desktop\austw\termwork\termwork\x64\debug\filtering.obj
c:\users\admin\desktop\austw\termwork\termwork\x64\debug\criterion_type.obj
c:\users\admin\desktop\austw\termwork\termwork\x64\debug\criterion_belonging.obj
c:\users\admin\desktop\austw\termwork\termwork\x64\debug\criterion_name.obj
c:\users\admin\desktop\austw\termwork\termwork\x64\debug\vector.obj
c:\users\admin\desktop\austw\termwork\termwork\x64\debug\utils.obj
c:\users\admin\desktop\austw\termwork\termwork\x64\debug\structure.obj
c:\users\admin\desktop\austw\termwork\termwork\x64\debug\sort_by_name.obj
c:\users\admin\desktop\austw\termwork\termwork\x64\debug\sort_by_education_number.obj
c:\users\admin\desktop\austw\termwork\termwork\x64\debug\sort_by_education_fraction.obj
c:\users\admin\desktop\austw\termwork\termwork\x64\debug\sort_by_age_group_number.obj
c:\users\admin\desktop\austw\termwork\termwork\x64\debug\sort_by_age_fraction.obj
c:\users\admin\desktop\austw\termwork\termwork\x64\debug\selection_max_economic_age_group.obj
c:\users\admin\desktop\austw\termwork\x64\debug\levelfour.exe
c:\users\admin\desktop\austw\termwork\termwork\x64\debug\levelfour.ilk
c:\users\admin\desktop\austw\termwork\x64\debug\levelfour.pdb
c:\users\admin\desktop\austw\termwork\termwork\x64\debug\levelfour.tlog\cl.command.1.tlog
c:\users\admin\desktop\austw\termwork\termwork\x64\debug\levelfour.tlog\cl.read.1.tlog
c:\users\admin\desktop\austw\termwork\termwork\x64\debug\levelfour.tlog\cl.write.1.tlog
c:\users\admin\desktop\austw\termwork\termwork\x64\debug\levelfour.tlog\link.command.1.tlog
c:\users\admin\desktop\austw\termwork\termwork\x64\debug\levelfour.tlog\link.read.1.tlog
c:\users\admin\desktop\austw\termwork\termwork\x64\debug\levelfour.tlog\link.write.1.tlog
