c:\users\admin\desktop\austw\termwork\termwork\x64\debug\vc143.pdb
c:\users\admin\desktop\austw\termwork\termwork\x64\debug\vc143.idb
c:\users\admin\desktop\austw\termwork\termwork\x64\debug\criterion_age_group_fraction.obj
c:\users\admin\desktop\austw\termwork\termwork\x64\debug\data.obj
c:\users\admin\desktop\austw\termwork\termwork\x64\debug\main.obj
c:\users\admin\desktop\austw\termwork\termwork\x64\debug\criterion_education_fraction.obj
c:\users\admin\desktop\austw\termwork\termwork\x64\debug\criterion_education_number.obj
c:\users\admin\desktop\austw\termwork\termwork\x64\debug\criterion_age_fraction.obj
c:\users\admin\desktop\austw\termwork\termwork\x64\debug\criterion_age_number.obj
c:\users\admin\desktop\austw\termwork\termwork\x64\debug\criterion_age_group_number.obj
c:\users\admin\desktop\austw\termwork\termwork\x64\debug\criterion_superior.obj
c:\users\admin\desktop\austw\termwork\termwork\x64\debug\point_searching.obj
c:\users\admin\desktop\austw\termwork\termwork\x64\debug\level_four.obj
c:\users\admin\desktop\austw\termwork\termwork\x64\debug\criterion_type.obj
c:\users\admin\desktop\austw\termwork\termwork\x64\debug\criterion_belonging.obj
c:\users\admin\desktop\austw\termwork\termwork\x64\debug\criterion_name.obj
c:\users\admin\desktop\austw\termwork\termwork\x64\debug\vector.obj
c:\users\admin\desktop\austw\termwork\termwork\x64\debug\utils.obj
c:\users\admin\desktop\austw\termwork\termwork\x64\debug\structure.obj
c:\users\admin\desktop\austw\termwork\x64\debug\termwork.exe
c:\users\admin\desktop\austw\termwork\termwork\x64\debug\termwork.ilk
c:\users\admin\desktop\austw\termwork\x64\debug\termwork.pdb
c:\users\admin\desktop\austw\termwork\termwork\x64\debug\functionality.obj
c:\users\admin\desktop\austw\termwork\termwork\x64\debug\level_four.obj.enc
c:\users\admin\desktop\austw\termwork\termwork\x64\debug\main.obj.enc
c:\users\admin\desktop\austw\termwork\termwork\x64\debug\termwork.tlog\cl.command.1.tlog
c:\users\admin\desktop\austw\termwork\termwork\x64\debug\termwork.tlog\cl.read.1.tlog
c:\users\admin\desktop\austw\termwork\termwork\x64\debug\termwork.tlog\cl.write.1.tlog
c:\users\admin\desktop\austw\termwork\termwork\x64\debug\termwork.tlog\link.command.1.tlog
c:\users\admin\desktop\austw\termwork\termwork\x64\debug\termwork.tlog\link.read.1.tlog
c:\users\admin\desktop\austw\termwork\termwork\x64\debug\termwork.tlog\link.write.1.tlog
